app/build/intermediates/manifest_merge_blame_file/debug/manifest-merger-blame-debug-report.txt
1<?xml version="1.0" encoding="utf-8"?>
2<!--
3  ~ Copyright 2015 Department of Computer Science and Engineering, University of Moratuwa.
4  ~ Licensed under the Apache License, Version 2.0 (the "License");
5  ~ you may not use this file except in compliance with the License.
6  ~ You may obtain a copy of the License at
7  ~
8  ~                  http://www.apache.org/licenses/LICENSE-2.0
9  ~
10  ~ Unless required by applicable law or agreed to in writing, software
11  ~ distributed under the License is distributed on an "AS IS" BASIS,
12  ~ WITHOUT WARRANTIES OR CONDITIONS OF ANY KIND, either express or implied.
13  ~ See the License for the specific language governing permissions and
14  ~ limitations under the License.
15  ~
16-->
17<manifest xmlns:android="http://schemas.android.com/apk/res/android"
18    package="lk.ac.mrt.cse.dbs.simpleexpensemanager"
19    android:versionCode="1"
20    android:versionName="1.0" >
21
22    <uses-sdk
23        android:minSdkVersion="19"
23-->src\main\AndroidManifest.xml
24        android:targetSdkVersion="26" />
24-->src\main\AndroidManifest.xml
25
26    <application
26-->src\main\AndroidManifest.xml:21:5-37:19
27        android:allowBackup="true"
27-->src\main\AndroidManifest.xml:22:9-35
28        android:appComponentFactory="android.support.v4.app.CoreComponentFactory"
28-->[com.android.support:support-compat:28.0.0] AndroidManifest.xml:22:18-91
29        android:debuggable="true"
30        android:icon="@mipmap/ic_launcher"
30-->src\main\AndroidManifest.xml:23:9-43
31        android:label="@string/app_name"
31-->src\main\AndroidManifest.xml:24:9-41
32        android:supportsRtl="true"
32-->src\main\AndroidManifest.xml:25:9-35
33        android:testOnly="true"
34        android:theme="@style/AppTheme" >
34-->src\main\AndroidManifest.xml:26:9-40
35        <activity
35-->src\main\AndroidManifest.xml:27:9-36:20
36            android:name="lk.ac.mrt.cse.dbs.simpleexpensemanager.ui.MainActivity"
36-->src\main\AndroidManifest.xml:28:13-44
37            android:label="@string/app_name"
37-->src\main\AndroidManifest.xml:29:13-45
38            android:theme="@style/AppTheme.NoActionBar" >
38-->src\main\AndroidManifest.xml:30:13-56
39            <intent-filter>
39-->src\main\AndroidManifest.xml:31:13-35:29
40                <action android:name="android.intent.action.MAIN" />
40-->src\main\AndroidManifest.xml:32:17-68
40-->src\main\AndroidManifest.xml:32:25-66
41
42                <category android:name="android.intent.category.LAUNCHER" />
42-->src\main\AndroidManifest.xml:34:17-76
42-->src\main\AndroidManifest.xml:34:27-74
43            </intent-filter>
44        </activity>
45    </application>
46
47</manifest>